06:56:11 PM:DEBUG [logger_base.py:12] Mensaje a nivel debug
06:56:11 PM:INFO [logger_base.py:13] mensaje a nivel info
06:56:11 PM:WARNING [logger_base.py:14] Mensaje a nivel warning
06:56:11 PM:ERROR [logger_base.py:15] Mensaje a nivel error
06:56:11 PM:CRITICAL [logger_base.py:16] Mensaje a nivel critical
04:25:04 PM:DEBUG [Persona.py:54] 
             Id Persona: 1, 
             Nombre: Juan, 
             Apellido: Perez, 
             Email: jperez@mail.com

05:49:31 PM:DEBUG [Persona.py:54] 
             Id Persona: 1, 
             Nombre: Juan, 
             Apellido: Perez, 
             Email: jperez@mail.com

05:49:31 PM:DEBUG [Persona.py:56] 
             Id Persona: Jose, 
             Nombre: Lepez, 
             Apellido: ljose@mail.com, 
             Email: None

05:52:37 PM:DEBUG [Persona.py:54] 
             Id Persona: 1, 
             Nombre: Juan, 
             Apellido: Perez, 
             Email: jperez@mail.com

05:52:37 PM:DEBUG [Persona.py:56] 
             Id Persona: None, 
             Nombre: Jose, 
             Apellido: Lepez, 
             Email: ljose@mail.com

05:57:18 PM:DEBUG [Persona.py:54] 
             Id Persona: 1, 
             Nombre: Juan, 
             Apellido: Perez, 
             Email: jperez@mail.com

05:57:18 PM:DEBUG [Persona.py:56] 
             Id Persona: None, 
             Nombre: Jose, 
             Apellido: Lepez, 
             Email: ljose@mail.com

05:57:18 PM:DEBUG [Persona.py:58] 
             Id Persona: 1, 
             Nombre: None, 
             Apellido: None, 
             Email: None

05:57:40 PM:DEBUG [Persona.py:54] 
             Id Persona: 1, 
             Nombre: Juan, 
             Apellido: Perez, 
             Email: jperez@mail.com

05:57:40 PM:DEBUG [Persona.py:56] 
             Id Persona: None, 
             Nombre: Jose, 
             Apellido: Lepez, 
             Email: ljose@mail.com

05:57:40 PM:DEBUG [Persona.py:58] 
             Id Persona: 1, 
             Nombre: None, 
             Apellido: None, 
             Email: None

03:52:51 PM:DEBUG [conexion.py:26] Conexion Exitosa:  <connection object at 0x000001D0E9AA9E00; dsn: 'user=postgres password=xxx dbname=test_bd host=127.0.0.1 port=5432', closed: 0>
03:54:17 PM:DEBUG [conexion.py:26] Conexion Exitosa:  <connection object at 0x000001E960F69E00; dsn: 'user=postgres password=xxx dbname=test_bd host=127.0.0.1 port=5432', closed: 0>
03:56:05 PM:ERROR [conexion.py:29] Ocurrio un error:  'utf-8' codec can't decode byte 0xf3 in position 79: invalid continuation byte
03:57:55 PM:DEBUG [conexion.py:26] Conexion Exitosa:  <connection object at 0x000001E40F2E9E00; dsn: 'user=postgres password=xxx dbname=test_bd host=127.0.0.1 port=5432', closed: 0>
03:57:55 PM:ERROR [conexion.py:43] Ocurrio un error: 'NoneType' object has no attribute 'cursor'
04:02:09 PM:DEBUG [conexion.py:26] Conexion Exitosa:  <connection object at 0x000001E03B529E00; dsn: 'user=postgres password=xxx dbname=test_bd host=127.0.0.1 port=5432', closed: 0>
04:02:09 PM:DEBUG [conexion.py:40] Se abrio correctamente el cursor: <cursor object at 0x000001E03B4BC900; closed: 0>
06:33:57 PM:DEBUG [conexion.py:26] Conexion Exitosa:  <connection object at 0x000002A4154A39A0; dsn: 'user=postgres password=xxx dbname=test_bd host=127.0.0.1 port=5432', closed: 0>
06:33:57 PM:DEBUG [conexion.py:40] Se abrio correctamente el cursor: <cursor object at 0x000002A415923A00; closed: 0>
06:36:39 PM:DEBUG [conexion.py:26] Conexion Exitosa:  <connection object at 0x000001C8732C7AB0; dsn: 'user=postgres password=xxx dbname=test_bd host=127.0.0.1 port=5432', closed: 0>
06:36:39 PM:DEBUG [conexion.py:40] Se abrio correctamente el cursor: <cursor object at 0x000001C87332BA00; closed: 0>
06:41:22 PM:DEBUG [conexion.py:26] Conexion Exitosa:  <connection object at 0x00000252DB5F7AB0; dsn: 'user=postgres password=xxx dbname=test_bd host=127.0.0.1 port=5432', closed: 0>
06:41:22 PM:DEBUG [conexion.py:40] Se abrio correctamente el cursor: <cursor object at 0x00000252DB65BA00; closed: 0>
06:42:55 PM:DEBUG [conexion.py:26] Conexion Exitosa:  <connection object at 0x0000028BBF967AB0; dsn: 'user=postgres password=xxx dbname=test_bd host=127.0.0.1 port=5432', closed: 0>
06:42:55 PM:DEBUG [conexion.py:40] Se abrio correctamente el cursor: <cursor object at 0x0000028BBF9CBA00; closed: 0>
06:42:55 PM:DEBUG [persona_dao.py:38] 
             Id Persona: 1, 
             Nombre: Juan, 
             Apellido: Perez, 
             Email: jperez@mail.com

06:42:55 PM:DEBUG [persona_dao.py:38] 
             Id Persona: 2, 
             Nombre: Carlos, 
             Apellido: Gomez, 
             Email: kgomez@mail.com

06:57:52 PM:DEBUG [conexion.py:26] Conexion Exitosa:  <connection object at 0x0000027C5D9B7BC0; dsn: 'user=postgres password=xxx dbname=test_bd host=127.0.0.1 port=5432', closed: 0>
06:57:52 PM:DEBUG [conexion.py:40] Se abrio correctamente el cursor: <cursor object at 0x0000027C5DA1FA00; closed: 0>
06:57:52 PM:DEBUG [persona_dao.py:41] Persona Insertada: 
             Id Persona: None, 
             Nombre: Pedro, 
             Apellido: Romero, 
             Email: promero@mail.com

06:57:52 PM:DEBUG [persona_dao.py:47] Personas Insertadas: 1
07:06:13 PM:DEBUG [conexion.py:26] Conexion Exitosa:  <connection object at 0x000001F3AA297BC0; dsn: 'user=postgres password=xxx dbname=test_bd host=127.0.0.1 port=5432', closed: 0>
07:06:13 PM:DEBUG [conexion.py:40] Se abrio correctamente el cursor: <cursor object at 0x000001F3AA2FFA00; closed: 0>
07:06:13 PM:DEBUG [persona_dao.py:41] Persona Insertada: 
             Id Persona: None, 
             Nombre: Homero, 
             Apellido: Ramos, 
             Email: hramos@mail.com

07:06:13 PM:DEBUG [persona_dao.py:47] Personas Insertadas: 1
07:28:10 PM:DEBUG [conexion.py:26] Conexion Exitosa:  <connection object at 0x000002B150C37CD0; dsn: 'user=postgres password=xxx dbname=test_bd host=127.0.0.1 port=5432', closed: 0>
07:28:10 PM:DEBUG [conexion.py:40] Se abrio correctamente el cursor: <cursor object at 0x000002B150C9BA00; closed: 0>
07:29:20 PM:DEBUG [conexion.py:26] Conexion Exitosa:  <connection object at 0x0000020C44AF7CD0; dsn: 'user=postgres password=xxx dbname=test_bd host=127.0.0.1 port=5432', closed: 0>
07:29:20 PM:DEBUG [conexion.py:40] Se abrio correctamente el cursor: <cursor object at 0x0000020C44B5BA00; closed: 0>
07:30:39 PM:DEBUG [conexion.py:26] Conexion Exitosa:  <connection object at 0x00000253F1337CD0; dsn: 'user=postgres password=xxx dbname=test_bd host=127.0.0.1 port=5432', closed: 0>
07:30:39 PM:DEBUG [conexion.py:40] Se abrio correctamente el cursor: <cursor object at 0x00000253F139BA00; closed: 0>
07:34:35 PM:DEBUG [conexion.py:26] Conexion Exitosa:  <connection object at 0x000001B679627CD0; dsn: 'user=postgres password=xxx dbname=test_bd host=127.0.0.1 port=5432', closed: 0>
07:34:35 PM:DEBUG [conexion.py:40] Se abrio correctamente el cursor: <cursor object at 0x000001B67968BA00; closed: 0>
07:34:35 PM:DEBUG [persona_dao.py:50] Personas actualizadas: 
             Id Persona: 1, 
             Nombre: Juan Jose, 
             Apellido: Pena, 
             Email: jjpena@mail.com

07:34:35 PM:DEBUG [persona_dao.py:57] Personas actualizadas: 1
08:08:15 PM:DEBUG [conexion.py:26] Conexion Exitosa:  <connection object at 0x0000012608907BC0; dsn: 'user=postgres password=xxx dbname=test_bd host=127.0.0.1 port=5432', closed: 0>
08:08:15 PM:DEBUG [conexion.py:40] Se abrio correctamente el cursor: <cursor object at 0x000001260896BA00; closed: 0>
08:09:21 PM:DEBUG [conexion.py:26] Conexion Exitosa:  <connection object at 0x000001C161AC7BC0; dsn: 'user=postgres password=xxx dbname=test_bd host=127.0.0.1 port=5432', closed: 0>
08:09:21 PM:DEBUG [conexion.py:40] Se abrio correctamente el cursor: <cursor object at 0x000001C161B2BA00; closed: 0>
08:18:20 PM:DEBUG [conexion.py:26] Conexion Exitosa:  <connection object at 0x0000027515647AB0; dsn: 'user=postgres password=xxx dbname=test_bd host=127.0.0.1 port=5432', closed: 0>
08:18:20 PM:DEBUG [conexion.py:40] Se abrio correctamente el cursor: <cursor object at 0x00000275156ABA00; closed: 0>
08:18:20 PM:DEBUG [persona_dao.py:86] 
             Id Persona: 1, 
             Nombre: Pena, 
             Apellido: Pena, 
             Email: jjpena@mail.com

08:18:20 PM:DEBUG [persona_dao.py:86] 
             Id Persona: 2, 
             Nombre: Carlos, 
             Apellido: Gomez, 
             Email: kgomez@mail.com

08:18:20 PM:DEBUG [persona_dao.py:86] 
             Id Persona: 4, 
             Nombre: Romero, 
             Apellido: Romero, 
             Email: promero@mail.com

08:18:20 PM:DEBUG [persona_dao.py:86] 
             Id Persona: 5, 
             Nombre: Ramos, 
             Apellido: Ramos, 
             Email: hramos@mail.com

