06:56:11 PM:DEBUG [logger_base.py:12] Mensaje a nivel debug
06:56:11 PM:INFO [logger_base.py:13] mensaje a nivel info
06:56:11 PM:WARNING [logger_base.py:14] Mensaje a nivel warning
06:56:11 PM:ERROR [logger_base.py:15] Mensaje a nivel error
06:56:11 PM:CRITICAL [logger_base.py:16] Mensaje a nivel critical
04:25:04 PM:DEBUG [Persona.py:54] 
             Id Persona: 1, 
             Nombre: Juan, 
             Apellido: Perez, 
             Email: jperez@mail.com

05:49:31 PM:DEBUG [Persona.py:54] 
             Id Persona: 1, 
             Nombre: Juan, 
             Apellido: Perez, 
             Email: jperez@mail.com

05:49:31 PM:DEBUG [Persona.py:56] 
             Id Persona: Jose, 
             Nombre: Lepez, 
             Apellido: ljose@mail.com, 
             Email: None

05:52:37 PM:DEBUG [Persona.py:54] 
             Id Persona: 1, 
             Nombre: Juan, 
             Apellido: Perez, 
             Email: jperez@mail.com

05:52:37 PM:DEBUG [Persona.py:56] 
             Id Persona: None, 
             Nombre: Jose, 
             Apellido: Lepez, 
             Email: ljose@mail.com

05:57:18 PM:DEBUG [Persona.py:54] 
             Id Persona: 1, 
             Nombre: Juan, 
             Apellido: Perez, 
             Email: jperez@mail.com

05:57:18 PM:DEBUG [Persona.py:56] 
             Id Persona: None, 
             Nombre: Jose, 
             Apellido: Lepez, 
             Email: ljose@mail.com

05:57:18 PM:DEBUG [Persona.py:58] 
             Id Persona: 1, 
             Nombre: None, 
             Apellido: None, 
             Email: None

05:57:40 PM:DEBUG [Persona.py:54] 
             Id Persona: 1, 
             Nombre: Juan, 
             Apellido: Perez, 
             Email: jperez@mail.com

05:57:40 PM:DEBUG [Persona.py:56] 
             Id Persona: None, 
             Nombre: Jose, 
             Apellido: Lepez, 
             Email: ljose@mail.com

05:57:40 PM:DEBUG [Persona.py:58] 
             Id Persona: 1, 
             Nombre: None, 
             Apellido: None, 
             Email: None

